\BOOKMARK [0][-]{chapter.1}{Wstep}{}% 1
\BOOKMARK [1][-]{section.1.1}{Grywalizacja}{chapter.1}% 2
\BOOKMARK [1][-]{section.1.2}{Projekt}{chapter.1}% 3
\BOOKMARK [1][-]{section.1.3}{Uzyte technologie}{chapter.1}% 4
\BOOKMARK [1][-]{section.1.4}{Wzorzec MVC}{chapter.1}% 5
\BOOKMARK [0][-]{chapter.2}{Angular}{}% 6
\BOOKMARK [0][-]{chapter.3}{Spring}{}% 7
\BOOKMARK [1][-]{section.3.1}{Metody konfiguracji}{chapter.3}% 8
\BOOKMARK [1][-]{section.3.2}{Spring Boot}{chapter.3}% 9
\BOOKMARK [1][-]{section.3.3}{Maven}{chapter.3}% 10
\BOOKMARK [1][-]{section.3.4}{Przydatne modu\233y}{chapter.3}% 11
\BOOKMARK [1][-]{section.3.5}{Implementacja REST API}{chapter.3}% 12
\BOOKMARK [2][-]{subsection.3.5.1}{Mapowanie obiektowo - relacyjne}{section.3.5}% 13
\BOOKMARK [2][-]{subsection.3.5.2}{Repozytoria}{section.3.5}% 14
\BOOKMARK [2][-]{subsection.3.5.3}{Kontroler}{section.3.5}% 15
\BOOKMARK [0][-]{chapter.4}{Baza danych Oracle}{}% 16
\BOOKMARK [1][-]{section.4.1}{Integracja z projektem}{chapter.4}% 17
\BOOKMARK [1][-]{section.4.2}{Optymalizacja}{chapter.4}% 18
\BOOKMARK [0][-]{chapter.5}{Bezpieczenstwo}{}% 19
\BOOKMARK [1][-]{section.5.1}{Ataki CSRF}{chapter.5}% 20
\BOOKMARK [1][-]{section.5.2}{Protok\363\233 HTTPS}{chapter.5}% 21
\BOOKMARK [1][-]{section.5.3}{Logowanie}{chapter.5}% 22
\BOOKMARK [1][-]{section.5.4}{Reset i zmiana has\233a}{chapter.5}% 23
\BOOKMARK [1][-]{section.5.5}{SQL Injection}{chapter.5}% 24
\BOOKMARK [0][-]{chapter.6}{Wdrozenie systemu}{}% 25
\BOOKMARK [1][-]{section.6.1}{Migracja bazy danych}{chapter.6}% 26
\BOOKMARK [1][-]{section.6.2}{Migracja aplikacji}{chapter.6}% 27
\BOOKMARK [0][-]{chapter.7}{Dzia\233anie aplikacji}{}% 28
\BOOKMARK [1][-]{section.7.1}{Rejestracja i Reset has\233a}{chapter.7}% 29
\BOOKMARK [1][-]{section.7.2}{Autoryzacja Uzytkownika}{chapter.7}% 30
\BOOKMARK [1][-]{section.7.3}{Konfiguracja konta}{chapter.7}% 31
\BOOKMARK [1][-]{section.7.4}{Ranking}{chapter.7}% 32
\BOOKMARK [1][-]{section.7.5}{Wykonanie zadania}{chapter.7}% 33
\BOOKMARK [1][-]{section.7.6}{Wyswietlenie w\233asnych osiagniec}{chapter.7}% 34
\BOOKMARK [1][-]{section.7.7}{Autoryzacja Administratora}{chapter.7}% 35
\BOOKMARK [1][-]{section.7.8}{Usuwanie kont}{chapter.7}% 36
\BOOKMARK [1][-]{section.7.9}{Edycja aplikacji}{chapter.7}% 37
\BOOKMARK [1][-]{section.7.10}{Zarzadzanie Zadaniami}{chapter.7}% 38
\BOOKMARK [1][-]{section.7.11}{Zarzadzanie Odznakami}{chapter.7}% 39
\BOOKMARK [0][-]{chapter.8}{Wnioski}{}% 40
\BOOKMARK [0][-]{chapter*.4}{Bibliografia}{}% 41
