This is pdfTeX, Version 3.14159265-2.6-1.40.15 (MiKTeX 2.9 64-bit) (preloaded format=pdflatex 2016.1.13)  28 JUN 2017 16:40
entering extended mode
**praca_dyplomowa.tex
(praca_dyplomowa.tex
LaTeX2e <2014/05/01>
Babel <3.9l> and hyphenation patterns for 68 languages loaded.
(D:\NAUKA\LATEX\mojMikTex\tex\latex\base\report.cls
Document Class: report 2014/09/29 v1.4h Standard LaTeX document class
(D:\NAUKA\LATEX\mojMikTex\tex\latex\base\size12.clo
File: size12.clo 2014/09/29 v1.4h Standard LaTeX file (size option)
)
\c@part=\count79
\c@chapter=\count80
\c@section=\count81
\c@subsection=\count82
\c@subsubsection=\count83
\c@paragraph=\count84
\c@subparagraph=\count85
\c@figure=\count86
\c@table=\count87
\abovecaptionskip=\skip41
\belowcaptionskip=\skip42
\bibindent=\dimen102
)
(C:\Users\Jacek\AppData\Roaming\MiKTeX\2.9\tex\latex\polski\polski.sty
Package: polski 2008/02/24 v1.3.3 Polish language package

Document language package `polski' v1.3.3 <2008/02/24>
\l@nohyphenation=\language69
   Switching to Polish text encoding and Polish maths fonts.
(D:\NAUKA\LATEX\mojMikTex\tex\latex\base\ot4enc.def
File: ot4enc.def 2005/09/27 v1.99g Standard LaTeX file
)
LaTeX Font Info:    Try loading font information for OT4+cmr on input line 346.


(C:\Users\Jacek\AppData\Roaming\MiKTeX\2.9\tex\latex\polski\ot4cmr.fd
File: ot4cmr.fd 2008/02/24 v1.2.1 Font defs for fonts PL (MW)
)
LaTeX Font Info:    Overwriting math alphabet `\mathbf' in version `normal'
(Font)                  OT1/cmr/bx/n --> OT4/cmr/bx/n on input line 346.
LaTeX Font Info:    Overwriting math alphabet `\mathsf' in version `normal'
(Font)                  OT1/cmss/m/n --> OT4/cmss/m/n on input line 346.
LaTeX Font Info:    Overwriting math alphabet `\mathit' in version `normal'
(Font)                  OT1/cmr/m/it --> OT4/cmr/m/it on input line 346.
LaTeX Font Info:    Overwriting math alphabet `\mathtt' in version `normal'
(Font)                  OT1/cmtt/m/n --> OT4/cmtt/m/n on input line 346.
LaTeX Font Info:    Overwriting math alphabet `\mathsf' in version `bold'
(Font)                  OT1/cmss/bx/n --> OT4/cmss/bx/n on input line 346.
LaTeX Font Info:    Overwriting math alphabet `\mathit' in version `bold'
(Font)                  OT1/cmr/bx/it --> OT4/cmr/bx/it on input line 346.
LaTeX Font Info:    Encoding `OT1' has changed to `OT4' for symbol font
(Font)              `operators' in the math version `normal' on input line 346.

LaTeX Font Info:    Overwriting symbol font `operators' in version `normal'
(Font)                  OT1/cmr/m/n --> OT4/cmr/m/n on input line 346.
LaTeX Font Info:    Overwriting symbol font `letters' in version `normal'
(Font)                  OML/cmm/m/it --> OML/plm/m/it on input line 346.
LaTeX Font Info:    Overwriting symbol font `symbols' in version `normal'
(Font)                  OMS/cmsy/m/n --> OMS/plsy/m/n on input line 346.
LaTeX Font Info:    Overwriting symbol font `largesymbols' in version `normal'
(Font)                  OMX/cmex/m/n --> OMX/plex/m/n on input line 346.
LaTeX Font Info:    Encoding `OT1' has changed to `OT4' for symbol font
(Font)              `operators' in the math version `bold' on input line 346.
LaTeX Font Info:    Overwriting symbol font `operators' in version `bold'
(Font)                  OT1/cmr/bx/n --> OT4/cmr/bx/n on input line 346.
LaTeX Font Info:    Overwriting symbol font `letters' in version `bold'
(Font)                  OML/cmm/b/it --> OML/plm/b/it on input line 346.
LaTeX Font Info:    Overwriting symbol font `symbols' in version `bold'
(Font)                  OMS/cmsy/b/n --> OMS/plsy/b/n on input line 346.
)
(D:\NAUKA\LATEX\mojMikTex\tex\latex\psnfss\helvet.sty
Package: helvet 2005/04/12 PSNFSS-v9.2a (WaS) 

(D:\NAUKA\LATEX\mojMikTex\tex\latex\graphics\keyval.sty
Package: keyval 2014/10/28 v1.15 key=value parser (DPC)
\KV@toks@=\toks14
))
(D:\NAUKA\LATEX\mojMikTex\tex\latex\base\fontenc.sty
Package: fontenc 2005/09/27 v1.99g Standard LaTeX package

(D:\NAUKA\LATEX\mojMikTex\tex\latex\base\t1enc.def
File: t1enc.def 2005/09/27 v1.99g Standard LaTeX file
LaTeX Font Info:    Redeclaring font encoding T1 on input line 43.
))
(C:\Users\Jacek\AppData\Roaming\MiKTeX\2.9\tex\latex\anyfontsize\anyfontsize.st
y
Package: anyfontsize 2007/11/22 anyfontsize.sty by pts
) (D:\NAUKA\LATEX\mojMikTex\tex\latex\base\inputenc.sty
Package: inputenc 2014/04/30 v1.2b Input encoding file
\inpenc@prehook=\toks15
\inpenc@posthook=\toks16

(D:\NAUKA\LATEX\mojMikTex\tex\latex\base\utf8.def
File: utf8.def 2014/09/29 v1.1m UTF-8 support for inputenc
Now handling font encoding OML ...
... no UTF-8 mapping file for font encoding OML
Now handling font encoding T1 ...
... processing UTF-8 mapping file for font encoding T1

(D:\NAUKA\LATEX\mojMikTex\tex\latex\base\t1enc.dfu
File: t1enc.dfu 2014/09/29 v1.1m UTF-8 support for inputenc
   defining Unicode char U+00A1 (decimal 161)
   defining Unicode char U+00A3 (decimal 163)
   defining Unicode char U+00AB (decimal 171)
   defining Unicode char U+00BB (decimal 187)
   defining Unicode char U+00BF (decimal 191)
   defining Unicode char U+00C0 (decimal 192)
   defining Unicode char U+00C1 (decimal 193)
   defining Unicode char U+00C2 (decimal 194)
   defining Unicode char U+00C3 (decimal 195)
   defining Unicode char U+00C4 (decimal 196)
   defining Unicode char U+00C5 (decimal 197)
   defining Unicode char U+00C6 (decimal 198)
   defining Unicode char U+00C7 (decimal 199)
   defining Unicode char U+00C8 (decimal 200)
   defining Unicode char U+00C9 (decimal 201)
   defining Unicode char U+00CA (decimal 202)
   defining Unicode char U+00CB (decimal 203)
   defining Unicode char U+00CC (decimal 204)
   defining Unicode char U+00CD (decimal 205)
   defining Unicode char U+00CE (decimal 206)
   defining Unicode char U+00CF (decimal 207)
   defining Unicode char U+00D0 (decimal 208)
   defining Unicode char U+00D1 (decimal 209)
   defining Unicode char U+00D2 (decimal 210)
   defining Unicode char U+00D3 (decimal 211)
   defining Unicode char U+00D4 (decimal 212)
   defining Unicode char U+00D5 (decimal 213)
   defining Unicode char U+00D6 (decimal 214)
   defining Unicode char U+00D8 (decimal 216)
   defining Unicode char U+00D9 (decimal 217)
   defining Unicode char U+00DA (decimal 218)
   defining Unicode char U+00DB (decimal 219)
   defining Unicode char U+00DC (decimal 220)
   defining Unicode char U+00DD (decimal 221)
   defining Unicode char U+00DE (decimal 222)
   defining Unicode char U+00DF (decimal 223)
   defining Unicode char U+00E0 (decimal 224)
   defining Unicode char U+00E1 (decimal 225)
   defining Unicode char U+00E2 (decimal 226)
   defining Unicode char U+00E3 (decimal 227)
   defining Unicode char U+00E4 (decimal 228)
   defining Unicode char U+00E5 (decimal 229)
   defining Unicode char U+00E6 (decimal 230)
   defining Unicode char U+00E7 (decimal 231)
   defining Unicode char U+00E8 (decimal 232)
   defining Unicode char U+00E9 (decimal 233)
   defining Unicode char U+00EA (decimal 234)
   defining Unicode char U+00EB (decimal 235)
   defining Unicode char U+00EC (decimal 236)
   defining Unicode char U+00ED (decimal 237)
   defining Unicode char U+00EE (decimal 238)
   defining Unicode char U+00EF (decimal 239)
   defining Unicode char U+00F0 (decimal 240)
   defining Unicode char U+00F1 (decimal 241)
   defining Unicode char U+00F2 (decimal 242)
   defining Unicode char U+00F3 (decimal 243)
   defining Unicode char U+00F4 (decimal 244)
   defining Unicode char U+00F5 (decimal 245)
   defining Unicode char U+00F6 (decimal 246)
   defining Unicode char U+00F8 (decimal 248)
   defining Unicode char U+00F9 (decimal 249)
   defining Unicode char U+00FA (decimal 250)
   defining Unicode char U+00FB (decimal 251)
   defining Unicode char U+00FC (decimal 252)
   defining Unicode char U+00FD (decimal 253)
   defining Unicode char U+00FE (decimal 254)
   defining Unicode char U+00FF (decimal 255)
   defining Unicode char U+0102 (decimal 258)
   defining Unicode char U+0103 (decimal 259)
   defining Unicode char U+0104 (decimal 260)
   defining Unicode char U+0105 (decimal 261)
   defining Unicode char U+0106 (decimal 262)
   defining Unicode char U+0107 (decimal 263)
   defining Unicode char U+010C (decimal 268)
   defining Unicode char U+010D (decimal 269)
   defining Unicode char U+010E (decimal 270)
   defining Unicode char U+010F (decimal 271)
   defining Unicode char U+0110 (decimal 272)
   defining Unicode char U+0111 (decimal 273)
   defining Unicode char U+0118 (decimal 280)
   defining Unicode char U+0119 (decimal 281)
   defining Unicode char U+011A (decimal 282)
   defining Unicode char U+011B (decimal 283)
   defining Unicode char U+011E (decimal 286)
   defining Unicode char U+011F (decimal 287)
   defining Unicode char U+0130 (decimal 304)
   defining Unicode char U+0131 (decimal 305)
   defining Unicode char U+0132 (decimal 306)
   defining Unicode char U+0133 (decimal 307)
   defining Unicode char U+0139 (decimal 313)
   defining Unicode char U+013A (decimal 314)
   defining Unicode char U+013D (decimal 317)
   defining Unicode char U+013E (decimal 318)
   defining Unicode char U+0141 (decimal 321)
   defining Unicode char U+0142 (decimal 322)
   defining Unicode char U+0143 (decimal 323)
   defining Unicode char U+0144 (decimal 324)
   defining Unicode char U+0147 (decimal 327)
   defining Unicode char U+0148 (decimal 328)
   defining Unicode char U+014A (decimal 330)
   defining Unicode char U+014B (decimal 331)
   defining Unicode char U+0150 (decimal 336)
   defining Unicode char U+0151 (decimal 337)
   defining Unicode char U+0152 (decimal 338)
   defining Unicode char U+0153 (decimal 339)
   defining Unicode char U+0154 (decimal 340)
   defining Unicode char U+0155 (decimal 341)
   defining Unicode char U+0158 (decimal 344)
   defining Unicode char U+0159 (decimal 345)
   defining Unicode char U+015A (decimal 346)
   defining Unicode char U+015B (decimal 347)
   defining Unicode char U+015E (decimal 350)
   defining Unicode char U+015F (decimal 351)
   defining Unicode char U+0160 (decimal 352)
   defining Unicode char U+0161 (decimal 353)
   defining Unicode char U+0162 (decimal 354)
   defining Unicode char U+0163 (decimal 355)
   defining Unicode char U+0164 (decimal 356)
   defining Unicode char U+0165 (decimal 357)
   defining Unicode char U+016E (decimal 366)
   defining Unicode char U+016F (decimal 367)
   defining Unicode char U+0170 (decimal 368)
   defining Unicode char U+0171 (decimal 369)
   defining Unicode char U+0178 (decimal 376)
   defining Unicode char U+0179 (decimal 377)
   defining Unicode char U+017A (decimal 378)
   defining Unicode char U+017B (decimal 379)
   defining Unicode char U+017C (decimal 380)
   defining Unicode char U+017D (decimal 381)
   defining Unicode char U+017E (decimal 382)
   defining Unicode char U+200C (decimal 8204)
   defining Unicode char U+2013 (decimal 8211)
   defining Unicode char U+2014 (decimal 8212)
   defining Unicode char U+2018 (decimal 8216)
   defining Unicode char U+2019 (decimal 8217)
   defining Unicode char U+201A (decimal 8218)
   defining Unicode char U+201C (decimal 8220)
   defining Unicode char U+201D (decimal 8221)
   defining Unicode char U+201E (decimal 8222)
   defining Unicode char U+2030 (decimal 8240)
   defining Unicode char U+2031 (decimal 8241)
   defining Unicode char U+2039 (decimal 8249)
   defining Unicode char U+203A (decimal 8250)
   defining Unicode char U+2423 (decimal 9251)
)
Now handling font encoding OT1 ...
... processing UTF-8 mapping file for font encoding OT1

(D:\NAUKA\LATEX\mojMikTex\tex\latex\base\ot1enc.dfu
File: ot1enc.dfu 2014/09/29 v1.1m UTF-8 support for inputenc
   defining Unicode char U+00A1 (decimal 161)
   defining Unicode char U+00A3 (decimal 163)
   defining Unicode char U+00B8 (decimal 184)
   defining Unicode char U+00BF (decimal 191)
   defining Unicode char U+00C5 (decimal 197)
   defining Unicode char U+00C6 (decimal 198)
   defining Unicode char U+00D8 (decimal 216)
   defining Unicode char U+00DF (decimal 223)
   defining Unicode char U+00E6 (decimal 230)
   defining Unicode char U+00EC (decimal 236)
   defining Unicode char U+00ED (decimal 237)
   defining Unicode char U+00EE (decimal 238)
   defining Unicode char U+00EF (decimal 239)
   defining Unicode char U+00F8 (decimal 248)
   defining Unicode char U+0131 (decimal 305)
   defining Unicode char U+0141 (decimal 321)
   defining Unicode char U+0142 (decimal 322)
   defining Unicode char U+0152 (decimal 338)
   defining Unicode char U+0153 (decimal 339)
   defining Unicode char U+2013 (decimal 8211)
   defining Unicode char U+2014 (decimal 8212)
   defining Unicode char U+2018 (decimal 8216)
   defining Unicode char U+2019 (decimal 8217)
   defining Unicode char U+201C (decimal 8220)
   defining Unicode char U+201D (decimal 8221)
)
Now handling font encoding OMS ...
... processing UTF-8 mapping file for font encoding OMS

(D:\NAUKA\LATEX\mojMikTex\tex\latex\base\omsenc.dfu
File: omsenc.dfu 2014/09/29 v1.1m UTF-8 support for inputenc
   defining Unicode char U+00A7 (decimal 167)
   defining Unicode char U+00B6 (decimal 182)
   defining Unicode char U+00B7 (decimal 183)
   defining Unicode char U+2020 (decimal 8224)
   defining Unicode char U+2021 (decimal 8225)
   defining Unicode char U+2022 (decimal 8226)
)
Now handling font encoding OMX ...
... no UTF-8 mapping file for font encoding OMX
Now handling font encoding U ...
... no UTF-8 mapping file for font encoding U
Now handling font encoding OT4 ...
... no UTF-8 mapping file for font encoding OT4
   defining Unicode char U+00A9 (decimal 169)
   defining Unicode char U+00AA (decimal 170)
   defining Unicode char U+00AE (decimal 174)
   defining Unicode char U+00BA (decimal 186)
   defining Unicode char U+02C6 (decimal 710)
   defining Unicode char U+02DC (decimal 732)
   defining Unicode char U+200C (decimal 8204)
   defining Unicode char U+2026 (decimal 8230)
   defining Unicode char U+2122 (decimal 8482)
   defining Unicode char U+2423 (decimal 9251)
))
(D:\NAUKA\LATEX\mojMikTex\tex\latex\graphics\graphicx.sty
Package: graphicx 2014/10/28 v1.0g Enhanced LaTeX Graphics (DPC,SPQR)

(D:\NAUKA\LATEX\mojMikTex\tex\latex\graphics\graphics.sty
Package: graphics 2014/10/28 v1.0p Standard LaTeX Graphics (DPC,SPQR)

(D:\NAUKA\LATEX\mojMikTex\tex\latex\graphics\trig.sty
Package: trig 1999/03/16 v1.09 sin cos tan (DPC)
)
(D:\NAUKA\LATEX\mojMikTex\tex\latex\00miktex\graphics.cfg
File: graphics.cfg 2007/01/18 v1.5 graphics configuration of teTeX/TeXLive
)
Package graphics Info: Driver file: pdftex.def on input line 91.

(D:\NAUKA\LATEX\mojMikTex\tex\latex\pdftex-def\pdftex.def
File: pdftex.def 2011/05/27 v0.06d Graphics/color for pdfTeX

(D:\NAUKA\LATEX\mojMikTex\tex\generic\oberdiek\infwarerr.sty
Package: infwarerr 2010/04/08 v1.3 Providing info/warning/error messages (HO)
)
(D:\NAUKA\LATEX\mojMikTex\tex\generic\oberdiek\ltxcmds.sty
Package: ltxcmds 2011/11/09 v1.22 LaTeX kernel commands for general use (HO)
)
\Gread@gobject=\count88
))
\Gin@req@height=\dimen103
\Gin@req@width=\dimen104
)
(D:\NAUKA\LATEX\mojMikTex\tex\latex\tools\tabularx.sty
Package: tabularx 2014/10/28 v2.10 `tabularx' package (DPC)

(D:\NAUKA\LATEX\mojMikTex\tex\latex\tools\array.sty
Package: array 2014/10/28 v2.4c Tabular extension package (FMi)
\col@sep=\dimen105
\extrarowheight=\dimen106
\NC@list=\toks17
\extratabsurround=\skip43
\backup@length=\skip44
)
\TX@col@width=\dimen107
\TX@old@table=\dimen108
\TX@old@col=\dimen109
\TX@target=\dimen110
\TX@delta=\dimen111
\TX@cols=\count89
\TX@ftn=\toks18
)
(D:\NAUKA\LATEX\mojMikTex\tex\latex\babel\babel.sty
Package: babel 2014/09/25 3.9l The Babel package

*************************************
* Local config file bblopts.cfg used
*
(D:\NAUKA\LATEX\mojMikTex\tex\latex\00miktex\bblopts.cfg
File: bblopts.cfg 2006/07/31 v1.0 MiKTeX 'babel' configuration
)
(C:\Users\Jacek\AppData\Roaming\MiKTeX\2.9\tex\latex\babel-polish\polish.ldf
Language: polish 2005/03/31 v1.2l Polish support from the babel system

(D:\NAUKA\LATEX\mojMikTex\tex\latex\babel\babel.def
File: babel.def 2014/09/25 3.9l Babel common definitions
\babel@savecnt=\count90
\U@D=\dimen112
)
Package babel Info: Making " an active character on input line 83.
\pl@left=\dimen113
\pl@down=\dimen114
\pl@right=\dimen115
\pl@temp=\dimen116
))
(C:\Users\Jacek\AppData\Roaming\MiKTeX\2.9\tex\latex\subfigure\subfigure.sty
Package: subfigure 2002/07/30 v2.1.4 subfigure package
\subfigtopskip=\skip45
\subfigcapskip=\skip46
\subfigcaptopadj=\dimen117
\subfigbottomskip=\skip47
\subfigcapmargin=\dimen118
\subfiglabelskip=\skip48
\c@subfigure=\count91
\c@lofdepth=\count92
\c@subtable=\count93
\c@lotdepth=\count94

****************************************
* Local config file subfigure.cfg used *
****************************************
(C:\Users\Jacek\AppData\Roaming\MiKTeX\2.9\tex\latex\subfigure\subfigure.cfg)
\subfig@top=\skip49
\subfig@bottom=\skip50
)
(D:\NAUKA\LATEX\mojMikTex\tex\latex\amsfonts\amsfonts.sty
Package: amsfonts 2013/01/14 v3.01 Basic AMSFonts support
\@emptytoks=\toks19
\symAMSa=\mathgroup4
\symAMSb=\mathgroup5
LaTeX Font Info:    Overwriting math alphabet `\mathfrak' in version `bold'
(Font)                  U/euf/m/n --> U/euf/b/n on input line 106.
)
(D:\NAUKA\LATEX\mojMikTex\tex\latex\tools\verbatim.sty
Package: verbatim 2014/10/28 v1.5q LaTeX2e package for verbatim enhancements
\every@verbatim=\toks20
\verbatim@line=\toks21
\verbatim@in@stream=\read1
)
(D:\NAUKA\LATEX\mojMikTex\tex\latex\tools\indentfirst.sty
Package: indentfirst 1995/11/23 v1.03 Indent first paragraph (DPC)
)
(D:\NAUKA\LATEX\mojMikTex\tex\latex\hyperref\hyperref.sty
Package: hyperref 2012/11/06 v6.83m Hypertext links for LaTeX

(D:\NAUKA\LATEX\mojMikTex\tex\generic\oberdiek\hobsub-hyperref.sty
Package: hobsub-hyperref 2012/04/25 v1.12 Bundle oberdiek, subset hyperref (HO)


(D:\NAUKA\LATEX\mojMikTex\tex\generic\oberdiek\hobsub-generic.sty
Package: hobsub-generic 2012/04/25 v1.12 Bundle oberdiek, subset generic (HO)
Package: hobsub 2012/04/25 v1.12 Construct package bundles (HO)
Package hobsub Info: Skipping package `infwarerr' (already loaded).
Package hobsub Info: Skipping package `ltxcmds' (already loaded).
Package: ifluatex 2010/03/01 v1.3 Provides the ifluatex switch (HO)
Package ifluatex Info: LuaTeX not detected.
Package: ifvtex 2010/03/01 v1.5 Detect VTeX and its facilities (HO)
Package ifvtex Info: VTeX not detected.
Package: intcalc 2007/09/27 v1.1 Expandable calculations with integers (HO)
Package: ifpdf 2011/01/30 v2.3 Provides the ifpdf switch (HO)
Package ifpdf Info: pdfTeX in PDF mode is detected.
Package: etexcmds 2011/02/16 v1.5 Avoid name clashes with e-TeX commands (HO)
Package etexcmds Info: Could not find \expanded.
(etexcmds)             That can mean that you are not using pdfTeX 1.50 or
(etexcmds)             that some package has redefined \expanded.
(etexcmds)             In the latter case, load this package earlier.
Package: kvsetkeys 2012/04/25 v1.16 Key value parser (HO)
Package: kvdefinekeys 2011/04/07 v1.3 Define keys (HO)
Package: pdftexcmds 2011/11/29 v0.20 Utility functions of pdfTeX for LuaTeX (HO
)
Package pdftexcmds Info: LuaTeX not detected.
Package pdftexcmds Info: \pdf@primitive is available.
Package pdftexcmds Info: \pdf@ifprimitive is available.
Package pdftexcmds Info: \pdfdraftmode found.
Package: pdfescape 2011/11/25 v1.13 Implements pdfTeX's escape features (HO)
Package: bigintcalc 2012/04/08 v1.3 Expandable calculations on big integers (HO
)
Package: bitset 2011/01/30 v1.1 Handle bit-vector datatype (HO)
Package: uniquecounter 2011/01/30 v1.2 Provide unlimited unique counter (HO)
)
Package hobsub Info: Skipping package `hobsub' (already loaded).
Package: letltxmacro 2010/09/02 v1.4 Let assignment for LaTeX macros (HO)
Package: hopatch 2011/06/24 v1.1 Wrapper for package hooks (HO)
Package: xcolor-patch 2011/01/30 xcolor patch
Package: atveryend 2011/06/30 v1.8 Hooks at the very end of document (HO)
Package atveryend Info: \enddocument detected (standard20110627).
Package: atbegshi 2011/10/05 v1.16 At begin shipout hook (HO)
Package: refcount 2011/10/16 v3.4 Data extraction from label references (HO)
Package: hycolor 2011/01/30 v1.7 Color options for hyperref/bookmark (HO)
)
(D:\NAUKA\LATEX\mojMikTex\tex\generic\ifxetex\ifxetex.sty
Package: ifxetex 2010/09/12 v0.6 Provides ifxetex conditional
)
(D:\NAUKA\LATEX\mojMikTex\tex\latex\oberdiek\auxhook.sty
Package: auxhook 2011/03/04 v1.3 Hooks for auxiliary files (HO)
)
(D:\NAUKA\LATEX\mojMikTex\tex\latex\oberdiek\kvoptions.sty
Package: kvoptions 2011/06/30 v3.11 Key value format for package options (HO)
)
\@linkdim=\dimen119
\Hy@linkcounter=\count95
\Hy@pagecounter=\count96

(D:\NAUKA\LATEX\mojMikTex\tex\latex\hyperref\pd1enc.def
File: pd1enc.def 2012/11/06 v6.83m Hyperref: PDFDocEncoding definition (HO)
Now handling font encoding PD1 ...
... no UTF-8 mapping file for font encoding PD1
)
\Hy@SavedSpaceFactor=\count97

(D:\NAUKA\LATEX\mojMikTex\tex\latex\00miktex\hyperref.cfg
File: hyperref.cfg 2002/06/06 v1.2 hyperref configuration of TeXLive
)
Package hyperref Info: Hyper figures OFF on input line 4443.
Package hyperref Info: Link nesting OFF on input line 4448.
Package hyperref Info: Hyper index ON on input line 4451.
Package hyperref Info: Plain pages OFF on input line 4458.
Package hyperref Info: Backreferencing OFF on input line 4463.
Package hyperref Info: Implicit mode ON; LaTeX internals redefined.
Package hyperref Info: Bookmarks ON on input line 4688.
\c@Hy@tempcnt=\count98

(C:\Users\Jacek\AppData\Roaming\MiKTeX\2.9\tex\latex\url\url.sty
\Urlmuskip=\muskip10
Package: url 2013/09/16  ver 3.4  Verb mode for urls, etc.
)
LaTeX Info: Redefining \url on input line 5041.
\XeTeXLinkMargin=\dimen120
\Fld@menulength=\count99
\Field@Width=\dimen121
\Fld@charsize=\dimen122
Package hyperref Info: Hyper figures OFF on input line 6295.
Package hyperref Info: Link nesting OFF on input line 6300.
Package hyperref Info: Hyper index ON on input line 6303.
Package hyperref Info: backreferencing OFF on input line 6310.
Package hyperref Info: Link coloring OFF on input line 6315.
Package hyperref Info: Link coloring with OCG OFF on input line 6320.
Package hyperref Info: PDF/A mode OFF on input line 6325.
LaTeX Info: Redefining \ref on input line 6365.
LaTeX Info: Redefining \pageref on input line 6369.
\Hy@abspage=\count100
\c@Item=\count101
\c@Hfootnote=\count102
)

Package hyperref Message: Driver: hpdftex.

(D:\NAUKA\LATEX\mojMikTex\tex\latex\hyperref\hpdftex.def
File: hpdftex.def 2012/11/06 v6.83m Hyperref driver for pdfTeX
\Fld@listcount=\count103
\c@bookmark@seq@number=\count104

(D:\NAUKA\LATEX\mojMikTex\tex\latex\oberdiek\rerunfilecheck.sty
Package: rerunfilecheck 2011/04/15 v1.7 Rerun checks for auxiliary files (HO)
Package uniquecounter Info: New unique counter `rerunfilecheck' on input line 2
82.
)
\Hy@SectionHShift=\skip51
)
(C:\Users\Jacek\AppData\Roaming\MiKTeX\2.9\tex\latex\listings\listings.sty
\lst@mode=\count105
\lst@gtempboxa=\box26
\lst@token=\toks22
\lst@length=\count106
\lst@currlwidth=\dimen123
\lst@column=\count107
\lst@pos=\count108
\lst@lostspace=\dimen124
\lst@width=\dimen125
\lst@newlines=\count109
\lst@lineno=\count110
\lst@maxwidth=\dimen126

(C:\Users\Jacek\AppData\Roaming\MiKTeX\2.9\tex\latex\listings\lstmisc.sty
File: lstmisc.sty 2015/06/04 1.6 (Carsten Heinz)
\c@lstnumber=\count111
\lst@skipnumbers=\count112
\lst@framebox=\box27
)
(C:\Users\Jacek\AppData\Roaming\MiKTeX\2.9\tex\latex\listings\listings.cfg
File: listings.cfg 2015/06/04 1.6 listings configuration
))
Package: listings 2015/06/04 1.6 (Carsten Heinz)

(C:\Users\Jacek\AppData\Roaming\MiKTeX\2.9\tex\latex\ucs\ucs.sty
Package: ucs 2013/05/11 v2.2 UCS: Unicode input support

(C:\Users\Jacek\AppData\Roaming\MiKTeX\2.9\tex\latex\ucs\uni-global.def
File: uni-global.def 2013/05/13 UCS: Unicode global data
)
\uc@secondtry=\count113
\uc@combtoks=\toks23
\uc@combtoksb=\toks24
\uc@temptokena=\toks25
)
(C:\Users\Jacek\AppData\Roaming\MiKTeX\2.9\tex\latex\rotating\rotating.sty
Package: rotating 2009/03/28 v2.16a rotated objects in LaTeX

(D:\NAUKA\LATEX\mojMikTex\tex\latex\base\ifthen.sty
Package: ifthen 2014/09/29 v1.1c Standard LaTeX ifthen package (DPC)
)
\c@r@tfl@t=\count114
\rotFPtop=\skip52
\rotFPbot=\skip53
\rot@float@box=\box28
\rot@mess@toks=\toks26
)
(C:\Users\Jacek\AppData\Roaming\MiKTeX\2.9\tex\latex\listings\lstlang1.sty
File: lstlang1.sty 2015/06/04 1.6 listings language file
)
(D:\NAUKA\LATEX\mojMikTex\tex\latex\multirow\multirow.sty
\bigstrutjot=\dimen127
)
(C:\Users\Jacek\AppData\Roaming\MiKTeX\2.9\tex\latex\enumitem\enumitem.sty
Package: enumitem 2011/09/28 v3.5.2 Customized lists
\labelindent=\skip54
\enit@outerparindent=\dimen128
\enit@toks=\toks27
\enit@inbox=\box29
\enitdp@description=\count115
)
(prmag2017.sty
Package `prmag2017' (ZETiIS PW Thesis) ver. 0.2 (Jan 2017)
) (praca_dyplomowa.aux

LaTeX Warning: Label `UMLTS' multiply defined.


LaTeX Warning: Label `UMLTS' multiply defined.


LaTeX Warning: Label `UMLTS' multiply defined.


LaTeX Warning: Label `UMLTS' multiply defined.


LaTeX Warning: Label `UMLTS' multiply defined.


LaTeX Warning: Label `UMLTS' multiply defined.


LaTeX Warning: Label `UMLTS' multiply defined.


LaTeX Warning: Label `UMLTS' multiply defined.


LaTeX Warning: Label `UMLTS' multiply defined.


LaTeX Warning: Label `UMLTS' multiply defined.


LaTeX Warning: Label `UMLTS' multiply defined.


LaTeX Warning: Label `UMLTS' multiply defined.


LaTeX Warning: Label `UMLTS' multiply defined.


LaTeX Warning: Label `UMLTS' multiply defined.


LaTeX Warning: Label `UMLTS' multiply defined.


LaTeX Warning: Label `UMLTS' multiply defined.


LaTeX Warning: Label `UMLTS' multiply defined.


LaTeX Warning: Label `UMLTS' multiply defined.


LaTeX Warning: Label `UMLTS' multiply defined.


LaTeX Warning: Label `UMLTS' multiply defined.


LaTeX Warning: Label `UMLTS' multiply defined.


LaTeX Warning: Label `UMLTS' multiply defined.


LaTeX Warning: Label `UMLTS' multiply defined.


LaTeX Warning: Label `UMLTS' multiply defined.


LaTeX Warning: Label `UMLTS' multiply defined.


LaTeX Warning: Label `UMLTS' multiply defined.


LaTeX Warning: Label `UMLTS' multiply defined.


LaTeX Warning: Label `UMLTS' multiply defined.

)
LaTeX Font Info:    Checking defaults for OML/cmm/m/it on input line 129.
LaTeX Font Info:    ... okay on input line 129.
LaTeX Font Info:    Checking defaults for T1/cmr/m/n on input line 129.
LaTeX Font Info:    ... okay on input line 129.
LaTeX Font Info:    Checking defaults for OT1/cmr/m/n on input line 129.
LaTeX Font Info:    ... okay on input line 129.
LaTeX Font Info:    Checking defaults for OMS/cmsy/m/n on input line 129.
LaTeX Font Info:    ... okay on input line 129.
LaTeX Font Info:    Checking defaults for OMX/cmex/m/n on input line 129.
LaTeX Font Info:    ... okay on input line 129.
LaTeX Font Info:    Checking defaults for U/cmr/m/n on input line 129.
LaTeX Font Info:    ... okay on input line 129.
LaTeX Font Info:    Checking defaults for OT4/cmr/m/n on input line 129.
LaTeX Font Info:    ... okay on input line 129.
LaTeX Font Info:    Checking defaults for PD1/pdf/m/n on input line 129.
LaTeX Font Info:    ... okay on input line 129.
 (C:\Users\Jacek\AppData\Roaming\MiKTeX\2.9\tex\context\base\supp-pdf.mkii
[Loading MPS to PDF converter (version 2006.09.02).]
\scratchcounter=\count116
\scratchdimen=\dimen129
\scratchbox=\box30
\nofMPsegments=\count117
\nofMParguments=\count118
\everyMPshowfont=\toks28
\MPscratchCnt=\count119
\MPscratchDim=\dimen130
\MPnumerator=\count120
\makeMPintoPDFobject=\count121
\everyMPtoPDFconversion=\toks29
)
\AtBeginShipoutBox=\box31
Package hyperref Info: Link coloring OFF on input line 129.
 (D:\NAUKA\LATEX\mojMikTex\tex\latex\hyperref\nameref.sty
Package: nameref 2012/10/27 v2.43 Cross-referencing by name of section

(D:\NAUKA\LATEX\mojMikTex\tex\generic\oberdiek\gettitlestring.sty
Package: gettitlestring 2010/12/03 v1.4 Cleanup title references (HO)
)
\c@section@level=\count122
)
LaTeX Info: Redefining \ref on input line 129.
LaTeX Info: Redefining \pageref on input line 129.
LaTeX Info: Redefining \nameref on input line 129.

(praca_dyplomowa.out) (praca_dyplomowa.out)
\@outlinefile=\write3
\c@lstlisting=\count123

(C:\Users\Jacek\AppData\Roaming\MiKTeX\2.9\tex\latex\ucs\ucsencs.def
File: ucsencs.def 2011/01/21 Fixes to fontencodings LGR, T3
)
Package hyperref Info: Option `pageanchor' set `false' on input line 130.
LaTeX Font Info:    Try loading font information for T1+phv on input line 130.

(D:\NAUKA\LATEX\mojMikTex\tex\latex\psnfss\t1phv.fd
File: t1phv.fd 2001/06/04 scalable font definitions for T1/phv.
)
<PWHead.png, id=170, 2015.53pt x 320.19624pt>
File: PWHead.png Graphic file (type png)
 <use PWHead.png>
Package pdftex.def Info: PWHead.png used on input line 130.
(pdftex.def)             Requested size: 455.24408pt x 72.31953pt.

Overfull \hbox (31.10086pt too wide) in paragraph at lines 130--130
[] 
 []

<inzhead.png, id=171, 1392.20125pt x 303.1325pt>
File: inzhead.png Graphic file (type png)
 <use inzhead.png>
Package pdftex.def Info: inzhead.png used on input line 130.
(pdftex.def)             Requested size: 455.24408pt x 99.12282pt.

Overfull \hbox (31.10086pt too wide) in paragraph at lines 130--130
 [] 
 []

LaTeX Font Info:    Try loading font information for OML+plm on input line 130.

(C:\Users\Jacek\AppData\Roaming\MiKTeX\2.9\tex\latex\polski\omlplm.fd
File: omlplm.fd 2008/02/24 v1.2.1 Font defs for fonts PL (MW)
)
LaTeX Font Info:    Try loading font information for OMS+plsy on input line 130
.

(C:\Users\Jacek\AppData\Roaming\MiKTeX\2.9\tex\latex\polski\omsplsy.fd
File: omsplsy.fd 2008/02/24 v1.2.1 Font defs for fonts PL (MW)
)
LaTeX Font Info:    Try loading font information for OMX+plex on input line 130
.

(C:\Users\Jacek\AppData\Roaming\MiKTeX\2.9\tex\latex\polski\omxplex.fd
File: omxplex.fd 2008/02/24 v1.2.1 Font defs for fonts PL (MW)
)
LaTeX Font Info:    External font `plex10' loaded for size
(Font)              <12> on input line 130.
LaTeX Font Info:    External font `plex10' loaded for size
(Font)              <8> on input line 130.
LaTeX Font Info:    External font `plex10' loaded for size
(Font)              <6> on input line 130.
LaTeX Font Info:    Try loading font information for U+msa on input line 130.

(D:\NAUKA\LATEX\mojMikTex\tex\latex\amsfonts\umsa.fd
File: umsa.fd 2013/01/14 v3.01 AMS symbols A
)
LaTeX Font Info:    Try loading font information for U+msb on input line 130.

(D:\NAUKA\LATEX\mojMikTex\tex\latex\amsfonts\umsb.fd
File: umsb.fd 2013/01/14 v3.01 AMS symbols B
) (streszczenia.tex
[1

{C:/Users/Jacek/AppData/Local/MiKTeX/2.9/pdftex/config/pdftex.map} <./PWHead.pn
g (PNG copy)> <./inzhead.png (PNG copy)>]) [2]
LaTeX Font Info:    Try loading font information for OMS+cmr on input line 130.


(D:\NAUKA\LATEX\mojMikTex\tex\latex\base\omscmr.fd
File: omscmr.fd 2014/09/29 v2.5h Standard LaTeX font definitions
)
LaTeX Font Info:    Font shape `OMS/cmr/m/n' in size <12> not available
(Font)              Font shape `OMS/cmsy/m/n' tried instead on input line 130.
 [3


] [4

]
(praca_dyplomowa.toc [1


])
\tf@toc=\write4
 [2] (podziekowania.tex) [3] [4

]
Package hyperref Info: Option `pageanchor' set `true' on input line 130.

Rozdzia\l  1.
[1

] [2] <./rys/UML-Java.png, id=284, 986.68625pt x 571.13374pt>
File: ./rys/UML-Java.png Graphic file (type png)

<use ./rys/UML-Java.png>
Package pdftex.def Info: ./rys/UML-Java.png used on input line 201.
(pdftex.def)             Requested size: 690.67567pt x 399.7909pt.

Overfull \hbox (98.67567pt too wide) in paragraph at lines 201--202
[][] 
 []

<./rys/UML-TS2.png, id=285, 992.70876pt x 547.04375pt>
File: ./rys/UML-TS2.png Graphic file (type png)
 <use ./rys/UML-TS2.png>
Package pdftex.def Info: ./rys/UML-TS2.png used on input line 208.
(pdftex.def)             Requested size: 694.8914pt x 382.92801pt.

Overfull \hbox (102.8914pt too wide) in paragraph at lines 208--209
[][] 
 []

<./rys/technologies.png, id=286, 651.3936pt x 411.939pt>
File: ./rys/technologies.png Graphic file (type png)

<use ./rys/technologies.png>
Package pdftex.def Info: ./rys/technologies.png used on input line 218.
(pdftex.def)             Requested size: 390.0pt x 246.6373pt.
 [3] [4 <./rys/UML-Java.png (PNG copy)>] [5 <./rys/UML-TS2.png (PNG copy)>] [6 
<./rys/technologies.png>]
<./rys/testAPI.png, id=331, 417.81094pt x 27.85406pt>
File: ./rys/testAPI.png Graphic file (type png)
 <use ./rys/testAPI.png>
Package pdftex.def Info: ./rys/testAPI.png used on input line 235.
(pdftex.def)             Requested size: 390.0pt x 26.00174pt.

<./rys/appmodules.png, id=332, 310.15875pt x 350.81062pt>
File: ./rys/appmodules.png Graphic file (type png)

<use ./rys/appmodules.png>
Package pdftex.def Info: ./rys/appmodules.png used on input line 244.
(pdftex.def)             Requested size: 390.0pt x 441.11371pt.
 [7 <./rys/testAPI.png>] [8 <./rys/appmodules.png>]
Rozdzia\l  2.
[9

]
Rozdzia\l  3.

Underfull \hbox (badness 10000) in paragraph at lines 256--276

 []


Underfull \hbox (badness 10000) in paragraph at lines 256--276

 []


Underfull \vbox (badness 1048) has occurred while \output is active []

 [10

]
(C:\Users\Jacek\AppData\Roaming\MiKTeX\2.9\tex\latex\ucs\utf8x.def
File: utf8x.def 2004/10/17 UCS: Input encoding UTF-8
) [11]
(C:\Users\Jacek\AppData\Roaming\MiKTeX\2.9\tex\latex\ucs\utf8x.def
File: utf8x.def 2004/10/17 UCS: Input encoding UTF-8
)
Underfull \vbox (badness 10000) has occurred while \output is active []

 [12]
<./rys/helloWorld.png, id=425, 483.30562pt x 173.89969pt>
File: ./rys/helloWorld.png Graphic file (type png)

<use ./rys/helloWorld.png>
Package pdftex.def Info: ./rys/helloWorld.png used on input line 341.
(pdftex.def)             Requested size: 390.0pt x 140.33257pt.

<./rys/helloWorld2.png, id=426, 484.81125pt x 42.1575pt>
File: ./rys/helloWorld2.png Graphic file (type png)

<use ./rys/helloWorld2.png>
Package pdftex.def Info: ./rys/helloWorld2.png used on input line 349.
(pdftex.def)             Requested size: 390.0pt x 33.9145pt.
 [13 <./rys/helloWorld.png> <./rys/helloWorld2.png>] <./rys/mavencycle.png, id=
436, 494.84875pt x 413.545pt>
File: ./rys/mavencycle.png Graphic file (type png)

<use ./rys/mavencycle.png>
Package pdftex.def Info: ./rys/mavencycle.png used on input line 371.
(pdftex.def)             Requested size: 390.0pt x 325.9208pt.

(C:\Users\Jacek\AppData\Roaming\MiKTeX\2.9\tex\latex\ucs\utf8x.def
File: utf8x.def 2004/10/17 UCS: Input encoding UTF-8
) [14]
[15 <./rys/mavencycle.png>] [16]
(C:\Users\Jacek\AppData\Roaming\MiKTeX\2.9\tex\latex\ucs\utf8x.def
File: utf8x.def 2004/10/17 UCS: Input encoding UTF-8
)
Underfull \hbox (badness 10000) in paragraph at lines 438--441

 []

(C:\Users\Jacek\AppData\Roaming\MiKTeX\2.9\tex\latex\ucs\utf8x.def
File: utf8x.def 2004/10/17 UCS: Input encoding UTF-8
) [17]
Underfull \vbox (badness 10000) has occurred while \output is active []

 [18]
Underfull \hbox (badness 10000) in paragraph at lines 485--487

 []

(C:\Users\Jacek\AppData\Roaming\MiKTeX\2.9\tex\latex\ucs\utf8x.def
File: utf8x.def 2004/10/17 UCS: Input encoding UTF-8
)
Underfull \vbox (badness 10000) has occurred while \output is active []

 [19]
(C:\Users\Jacek\AppData\Roaming\MiKTeX\2.9\tex\latex\ucs\utf8x.def
File: utf8x.def 2004/10/17 UCS: Input encoding UTF-8
)
Underfull \vbox (badness 10000) has occurred while \output is active []

 [20]
(C:\Users\Jacek\AppData\Roaming\MiKTeX\2.9\tex\latex\ucs\utf8x.def
File: utf8x.def 2004/10/17 UCS: Input encoding UTF-8
) [21]
(C:\Users\Jacek\AppData\Roaming\MiKTeX\2.9\tex\latex\ucs\utf8x.def
File: utf8x.def 2004/10/17 UCS: Input encoding UTF-8
) [22]
(C:\Users\Jacek\AppData\Roaming\MiKTeX\2.9\tex\latex\ucs\utf8x.def
File: utf8x.def 2004/10/17 UCS: Input encoding UTF-8
)
Underfull \vbox (badness 10000) has occurred while \output is active []

 [23]
Underfull \vbox (badness 10000) has occurred while \output is active []

 [24]
Underfull \vbox (badness 10000) has occurred while \output is active []

 [25]
Underfull \vbox (badness 10000) has occurred while \output is active []

 [26]
Underfull \vbox (badness 10000) has occurred while \output is active []

 [27]
[28]
Rozdzia\l  4.
(C:\Users\Jacek\AppData\Roaming\MiKTeX\2.9\tex\latex\ucs\utf8x.def
File: utf8x.def 2004/10/17 UCS: Input encoding UTF-8
)
Underfull \hbox (badness 10000) in paragraph at lines 784--785

 []


Underfull \hbox (badness 10000) in paragraph at lines 784--785

 []


Underfull \hbox (badness 10000) in paragraph at lines 784--785

 []

(C:\Users\Jacek\AppData\Roaming\MiKTeX\2.9\tex\latex\ucs\utf8x.def
File: utf8x.def 2004/10/17 UCS: Input encoding UTF-8
) [29

]
<./rys/sqldeveloper.png, id=885, 1009.52156pt x 417.81094pt>
File: ./rys/sqldeveloper.png Graphic file (type png)

<use ./rys/sqldeveloper.png>
Package pdftex.def Info: ./rys/sqldeveloper.png used on input line 798.
(pdftex.def)             Requested size: 390.0pt x 161.40916pt.

<./rys/DBModel.png, id=886, 909.3975pt x 590.205pt>
File: ./rys/DBModel.png Graphic file (type png)
 <use ./rys/DBModel.png>
Package pdftex.def Info: ./rys/DBModel.png used on input line 807.
(pdftex.def)             Requested size: 390.0pt x 253.11678pt.

<./rys/btree.png, id=888, 664.4825pt x 475.7775pt>
File: ./rys/btree.png Graphic file (type png)
 <use ./rys/btree.png>
Package pdftex.def Info: ./rys/btree.png used on input line 817.
(pdftex.def)             Requested size: 390.0pt x 279.24707pt.

[30 <./rys/sqldeveloper.png>] [31 <./rys/DBModel.png>] [32 <./rys/btree.png>]
(C:\Users\Jacek\AppData\Roaming\MiKTeX\2.9\tex\latex\ucs\utf8x.def
File: utf8x.def 2004/10/17 UCS: Input encoding UTF-8
)
<./rys/partitions.png, id=916, 477.785pt x 353.32pt>
File: ./rys/partitions.png Graphic file (type png)

<use ./rys/partitions.png>
Package pdftex.def Info: ./rys/partitions.png used on input line 830.
(pdftex.def)             Requested size: 390.0pt x 288.40343pt.

Underfull \hbox (badness 10000) in paragraph at lines 826--836

 []


Underfull \hbox (badness 10000) in paragraph at lines 826--836

 []

[33 <./rys/partitions.png>]
(C:\Users\Jacek\AppData\Roaming\MiKTeX\2.9\tex\latex\ucs\utf8x.def
File: utf8x.def 2004/10/17 UCS: Input encoding UTF-8
) [34]
Rozdzia\l  5.

Underfull \hbox (badness 10000) in paragraph at lines 859--860

 []


Underfull \hbox (badness 10000) in paragraph at lines 859--860

 []


Underfull \hbox (badness 10000) in paragraph at lines 859--860

 []


Underfull \hbox (badness 10000) in paragraph at lines 859--860

 []

(C:\Users\Jacek\AppData\Roaming\MiKTeX\2.9\tex\latex\ucs\utf8x.def
File: utf8x.def 2004/10/17 UCS: Input encoding UTF-8
) [35

]
Underfull \hbox (badness 10000) in paragraph at lines 885--886

 []

[36] (C:\Users\Jacek\AppData\Roaming\MiKTeX\2.9\tex\latex\ucs\utf8x.def
File: utf8x.def 2004/10/17 UCS: Input encoding UTF-8
)
Underfull \hbox (badness 10000) in paragraph at lines 902--904

 []

[37] (C:\Users\Jacek\AppData\Roaming\MiKTeX\2.9\tex\latex\ucs\utf8x.def
File: utf8x.def 2004/10/17 UCS: Input encoding UTF-8
)
(C:\Users\Jacek\AppData\Roaming\MiKTeX\2.9\tex\latex\ucs\utf8x.def
File: utf8x.def 2004/10/17 UCS: Input encoding UTF-8
)
Underfull \vbox (badness 10000) has occurred while \output is active []

 [38]
(C:\Users\Jacek\AppData\Roaming\MiKTeX\2.9\tex\latex\ucs\utf8x.def
File: utf8x.def 2004/10/17 UCS: Input encoding UTF-8
) [39]
(C:\Users\Jacek\AppData\Roaming\MiKTeX\2.9\tex\latex\ucs\utf8x.def
File: utf8x.def 2004/10/17 UCS: Input encoding UTF-8
) [40]
Rozdzia\l  6.
<./rys/azure3.png, id=1082, 1010.27437pt x 481.8pt>
File: ./rys/azure3.png Graphic file (type png)
 <use ./rys/azure3.png>
Package pdftex.def Info: ./rys/azure3.png used on input line 991.
(pdftex.def)             Requested size: 390.0pt x 185.9898pt.

Underfull \hbox (badness 3240) in paragraph at lines 1001--1002
[]|\T1/cmr/m/n/12 ''BADGE'' VAR-CHAR2(255 CHAR)
 []


Underfull \hbox (badness 10000) in paragraph at lines 1002--1003
[]|\T1/cmr/m/n/12 ''LOGIN'' VAR-CHAR2(255 CHAR)
 []


Underfull \hbox (badness 4765) in paragraph at lines 1003--1004
[]|\T1/cmr/m/n/12 PRIMARY KEY (''BADGE'', ''LO-
 []


Underfull \hbox (badness 10000) in paragraph at lines 1011--1012
[]|\T1/cmr/m/n/12 ''BADGE'' VAR-CHAR(255) NOT
 []


Underfull \hbox (badness 10000) in paragraph at lines 1012--1013
[]|\T1/cmr/m/n/12 ''LOGIN'' VAR-CHAR(255) NOT
 []


Underfull \hbox (badness 4765) in paragraph at lines 1013--1014
[]|\T1/cmr/m/n/12 PRIMARY KEY (''BADGE'', ''LO-
 []


Overfull \hbox (36.54903pt too wide) in paragraph at lines 987--1018
[] [] 
 []


Underfull \hbox (badness 10000) in paragraph at lines 987--1018

 []


Underfull \hbox (badness 10000) in paragraph at lines 987--1018

 []


Overfull \hbox (3.04982pt too wide) in paragraph at lines 987--1018
\T1/cmr/m/n/12 Nale»aªo tak»e skon-fi-gu-ro-wa¢ po-ª¡-cze-nie w pliku \T1/cmr/m
/it/12 ,,ap-pli-ca-tion.properties'' \T1/cmr/m/n/12 (ana-
 []


Underfull \vbox (badness 10000) has occurred while \output is active []

 [41

]
<./rys/azure4.png, id=1088, 770.12718pt x 461.47406pt>
File: ./rys/azure4.png Graphic file (type png)
 <use ./rys/azure4.png>
Package pdftex.def Info: ./rys/azure4.png used on input line 1023.
(pdftex.def)             Requested size: 390.0pt x 233.6939pt.

[42 <./rys/azure3.png>] [43 <./rys/azure4.png>]
Rozdzia\l  7.
<./rys/guide/guide1.png, id=1099, 540.51938pt x 548.0475pt>
File: ./rys/guide/guide1.png Graphic file (type png)

<use ./rys/guide/guide1.png>
Package pdftex.def Info: ./rys/guide/guide1.png used on input line 1035.
(pdftex.def)             Requested size: 390.0pt x 395.4385pt.

<./rys/guide/guide2.png, id=1100, 531.48563pt x 548.0475pt>
File: ./rys/guide/guide2.png Graphic file (type png)

<use ./rys/guide/guide2.png>
Package pdftex.def Info: ./rys/guide/guide2.png used on input line 1043.
(pdftex.def)             Requested size: 390.0pt x 402.16197pt.

<./rys/guide/guide3.png, id=1101, 547.2947pt x 536.0025pt>
File: ./rys/guide/guide3.png Graphic file (type png)

<use ./rys/guide/guide3.png>
Package pdftex.def Info: ./rys/guide/guide3.png used on input line 1052.
(pdftex.def)             Requested size: 390.0pt x 381.95482pt.

<./rys/guide/guide4.png, id=1102, 1028.34187pt x 520.94624pt>
File: ./rys/guide/guide4.png Graphic file (type png)

<use ./rys/guide/guide4.png>
Package pdftex.def Info: ./rys/guide/guide4.png used on input line 1062.
(pdftex.def)             Requested size: 668.4143pt x 338.61105pt.

Overfull \hbox (76.4143pt too wide) in paragraph at lines 1062--1063
 [] 
 []

<./rys/guide/guide5.png, id=1103, 1028.34187pt x 548.0475pt>
File: ./rys/guide/guide5.png Graphic file (type png)

<use ./rys/guide/guide5.png>
Package pdftex.def Info: ./rys/guide/guide5.png used on input line 1071.
(pdftex.def)             Requested size: 668.4143pt x 356.22665pt.

Overfull \hbox (76.4143pt too wide) in paragraph at lines 1071--1072
 [] 
 []

<./rys/guide/guide6.png, id=1104, 1028.34187pt x 548.0475pt>
File: ./rys/guide/guide6.png Graphic file (type png)

<use ./rys/guide/guide6.png>
Package pdftex.def Info: ./rys/guide/guide6.png used on input line 1082.
(pdftex.def)             Requested size: 668.4143pt x 356.22665pt.

Overfull \hbox (76.4143pt too wide) in paragraph at lines 1082--1083
 [] 
 []

[44

] [45 <./rys/guide/guide1.png>] [46 <./rys/guide/guide2.png>] [47 <./rys/guide/
guide3.png>] [48 <./rys/guide/guide4.png>] [49 <./rys/guide/guide5.png>]
<./rys/guide/guide7.png, id=1137, 1028.34187pt x 548.0475pt>
File: ./rys/guide/guide7.png Graphic file (type png)

<use ./rys/guide/guide7.png>
Package pdftex.def Info: ./rys/guide/guide7.png used on input line 1092.
(pdftex.def)             Requested size: 668.4143pt x 356.22665pt.

Overfull \hbox (76.4143pt too wide) in paragraph at lines 1092--1093
 [] 
 []

<./rys/guide/guide8.png, id=1138, 1028.34187pt x 549.55313pt>
File: ./rys/guide/guide8.png Graphic file (type png)

<use ./rys/guide/guide8.png>
Package pdftex.def Info: ./rys/guide/guide8.png used on input line 1102.
(pdftex.def)             Requested size: 668.4143pt x 357.2053pt.

Overfull \hbox (76.4143pt too wide) in paragraph at lines 1102--1103
 [] 
 []

<./rys/guide/guide9.png, id=1139, 1028.34187pt x 546.54187pt>
File: ./rys/guide/guide9.png Graphic file (type png)

<use ./rys/guide/guide9.png>
Package pdftex.def Info: ./rys/guide/guide9.png used on input line 1112.
(pdftex.def)             Requested size: 668.4143pt x 355.248pt.

Overfull \hbox (76.4143pt too wide) in paragraph at lines 1112--1113
 [] 
 []

<./rys/guide/guide10.png, id=1140, 1028.34187pt x 200.24812pt>
File: ./rys/guide/guide10.png Graphic file (type png)

<use ./rys/guide/guide10.png>
Package pdftex.def Info: ./rys/guide/guide10.png used on input line 1122.
(pdftex.def)             Requested size: 390.0pt x 75.94534pt.

<./rys/guide/guide11.png, id=1141, 1028.34187pt x 546.54187pt>
File: ./rys/guide/guide11.png Graphic file (type png)

<use ./rys/guide/guide11.png>
Package pdftex.def Info: ./rys/guide/guide11.png used on input line 1132.
(pdftex.def)             Requested size: 668.4143pt x 355.248pt.

Overfull \hbox (76.4143pt too wide) in paragraph at lines 1132--1133
 [] 
 []

[50] [51 <./rys/guide/guide6.png>] [52 <./rys/guide/guide7.png>] [53 <./rys/gui
de/guide8.png>] [54 <./rys/guide/guide9.png>]
<./rys/guide/guide12.png, id=1167, 1028.34187pt x 548.0475pt>
File: ./rys/guide/guide12.png Graphic file (type png)

<use ./rys/guide/guide12.png>
Package pdftex.def Info: ./rys/guide/guide12.png used on input line 1142.
(pdftex.def)             Requested size: 668.4143pt x 356.22665pt.

Overfull \hbox (76.4143pt too wide) in paragraph at lines 1142--1143
 [] 
 []

<./rys/guide/guide13.png, id=1168, 1028.34187pt x 548.0475pt>
File: ./rys/guide/guide13.png Graphic file (type png)

<use ./rys/guide/guide13.png>
Package pdftex.def Info: ./rys/guide/guide13.png used on input line 1152.
(pdftex.def)             Requested size: 668.4143pt x 356.22665pt.

Overfull \hbox (76.4143pt too wide) in paragraph at lines 1152--1153
 [] 
 []

<./rys/guide/guide14.png, id=1169, 1028.34187pt x 546.54187pt>
File: ./rys/guide/guide14.png Graphic file (type png)

<use ./rys/guide/guide14.png>
Package pdftex.def Info: ./rys/guide/guide14.png used on input line 1162.
(pdftex.def)             Requested size: 668.4143pt x 355.248pt.

Overfull \hbox (76.4143pt too wide) in paragraph at lines 1162--1163
 [] 
 []

<./rys/guide/guide15.png, id=1170, 1028.34187pt x 719.68875pt>
File: ./rys/guide/guide15.png Graphic file (type png)

<use ./rys/guide/guide15.png>
Package pdftex.def Info: ./rys/guide/guide15.png used on input line 1171.
(pdftex.def)             Requested size: 668.4143pt x 467.79214pt.

Overfull \hbox (76.4143pt too wide) in paragraph at lines 1171--1172
 [] 
 []


Overfull \hbox (32.76183pt too wide) in paragraph at lines 1158--1176
\T1/cmr/m/n/12 kow-nika. Ry-su-nek 7.14 przed-sta-wia pro-ces do-da-wa-nia no-w
ej Od-znaki. Przyznawanie
 []

[55 <./rys/guide/guide10.png>] [56 <./rys/guide/guide11.png>] [57 <./rys/guide/
guide12.png>] [58 <./rys/guide/guide13.png>] [59 <./rys/guide/guide14.png>]
[60 <./rys/guide/guide15.png>]
Rozdzia\l  8.
<./rys/speedChart.png, id=1204, 333.49594pt x 219.06844pt>
File: ./rys/speedChart.png Graphic file (type png)

<use ./rys/speedChart.png>
Package pdftex.def Info: ./rys/speedChart.png used on input line 1189.
(pdftex.def)             Requested size: 390.0pt x 256.20206pt.

Underfull \hbox (badness 10000) in paragraph at lines 1184--1195

 []

[61

] [62 <./rys/speedChart.png>]
<./rys/angularError.png, id=1215, 529.98pt x 179.92218pt>
File: ./rys/angularError.png Graphic file (type png)

<use ./rys/angularError.png>
Package pdftex.def Info: ./rys/angularError.png used on input line 1200.
(pdftex.def)             Requested size: 529.97868pt x 179.92174pt.

Underfull \hbox (badness 10000) in paragraph at lines 1196--1206

 []

[63] [64 <./rys/angularError.png>]
LaTeX Font Info:    Try loading font information for T1+cmtt on input line 1214
.

(D:\NAUKA\LATEX\mojMikTex\tex\latex\base\t1cmtt.fd
File: t1cmtt.fd 2014/09/29 v2.5h Standard LaTeX font definitions
)
Underfull \hbox (badness 10000) in paragraph at lines 1227--1229
[]$\T1/cmtt/m/n/12 https : / / docs . oracle . com / cd / E11882 _ 01 / server 
. 112 / e40540 / toc .$
 []

[65

]
Underfull \hbox (badness 10000) in paragraph at lines 1254--1256
[]$\T1/cmtt/m/n/12 http : / / docs . spring . io / spring-[]framework / docs / 
current /$
 []

[66] (praca_dyplomowa.lof
Overfull \hbox (0.2656pt too wide) in paragraph at lines 15--15
 \T1/cmr/m/n/12 cze-nia licz-bowe wska-zuj¡ ile ta-kich sa-mych klu-czy ob-cych
 mo»e 
 []


Overfull \hbox (3.2311pt too wide) in paragraph at lines 16--16
 [][] [][]\T1/cmr/m/n/12 Li±cie B-drzewa prze-cho-wuj¡ re-kordy, ga-ª¦-zie uspr
aw-niaj¡ prze- 
 []

[67


])
\tf@lof=\write5
Package atveryend Info: Empty hook `BeforeClearDocument' on input line 1269.
 [68]
Package atveryend Info: Empty hook `AfterLastShipout' on input line 1269.
 (praca_dyplomowa.aux)
Package atveryend Info: Executing hook `AtVeryEndDocument' on input line 1269.
Package atveryend Info: Executing hook `AtEndAfterFileList' on input line 1269.

Package rerunfilecheck Info: File `praca_dyplomowa.out' has not changed.
(rerunfilecheck)             Checksum: BD594C8E6701C453FE4D6D518E8B7E08;2592.


LaTeX Warning: There were multiply-defined labels.

Package atveryend Info: Empty hook `AtVeryVeryEnd' on input line 1269.
 ) 
Here is how much of TeX's memory you used:
 10036 strings out of 493698
 146372 string characters out of 3145647
 346444 words of memory out of 3000000
 12366 multiletter control sequences out of 15000+200000
 24960 words of font info for 48 fonts, out of 3000000 for 9000
 1025 hyphenation exceptions out of 8191
 29i,10n,40p,1235b,1444s stack positions out of 5000i,500n,10000p,200000b,50000s
 <C:\Users\Jacek\AppData\Local\MiKTeX\2.9\fonts\pk\ljfour\jknappen\ec\dpi600\
ectt1200.pk>{C:/Users/Jacek/AppData/Roaming/MiKTeX/2.9/fonts/enc/dvips/pl/plms.
enc}{C:/Users/Jacek/AppData/Roaming/MiKTeX/2.9/fonts/enc/dvips/pl/plmi.enc}{C:/
Users/Jacek/AppData/Roaming/MiKTeX/2.9/fonts/enc/dvips/pl/plrm.enc} <C:\Users\J
acek\AppData\Local\MiKTeX\2.9\fonts\pk\ljfour\jknappen\ec\dpi600\ecti1200.pk> <
C:\Users\Jacek\AppData\Local\MiKTeX\2.9\fonts\pk\ljfour\jknappen\ec\dpi600\ecrm
1728.pk> <C:\Users\Jacek\AppData\Local\MiKTeX\2.9\fonts\pk\ljfour\jknappen\ec\d
pi600\ecbx2488.pk> <C:\Users\Jacek\AppData\Local\MiKTeX\2.9\fonts\pk\ljfour\jkn
appen\ec\dpi600\ecbx1200.pk> <C:\Users\Jacek\AppData\Local\MiKTeX\2.9\fonts\pk\
ljfour\jknappen\ec\dpi600\ecrm1200.pk> <C:\Users\Jacek\AppData\Local\MiKTeX\2.9
\fonts\pk\ljfour\jknappen\ec\dpi600\ecbx1728.pk> <C:\Users\Jacek\AppData\Local\
MiKTeX\2.9\fonts\pk\ljfour\jknappen\ec\dpi600\ecbx1440.pk>{D:/NAUKA/LATEX/mojMi
kTex/fonts/enc/dvips/fontname/8r.enc}<D:/NAUKA/LATEX/mojMikTex/fonts/type1/publ
ic/amsfonts/cm/cmsy10.pfb><C:/Users/Jacek/AppData/Roaming/MiKTeX/2.9/fonts/type
1/public/pl/plmi12.pfb><C:/Users/Jacek/AppData/Roaming/MiKTeX/2.9/fonts/type1/p
ublic/pl/plr12.pfb><C:/Users/Jacek/AppData/Roaming/MiKTeX/2.9/fonts/type1/publi
c/pl/plr8.pfb><C:/Users/Jacek/AppData/Roaming/MiKTeX/2.9/fonts/type1/public/pl/
plsy10.pfb><C:/Users/Jacek/AppData/Roaming/MiKTeX/2.9/fonts/type1/public/pl/pls
y8.pfb><D:/NAUKA/LATEX/mojMikTex/fonts/type1/urw/helvetic/uhvr8a.pfb>
Output written on praca_dyplomowa.pdf (76 pages, 5827157 bytes).
PDF statistics:
 1944 PDF objects out of 2073 (max. 8388607)
 745 named destinations out of 1000 (max. 500000)
 502 words of extra memory for PDF output out of 10000 (max. 10000000)

